<?xml version="1.0" encoding="UTF-8" ?>
<testsuite tests="31" failures="0" name="org.fcrepo.server.storage.lowlevel.akubra.AkubraLowlevelStorageTest" time="0.055" errors="0" skipped="0">
  <properties>
[...]
</properties>
  <testcase classname="org.fcrepo.server.storage.lowlevel.akubra.AkubraLowlevelStorageTest" name="testAuditDatastream" time="0.007"/>
  <testcase classname="org.fcrepo.server.storage.lowlevel.akubra.AkubraLowlevelStorageTest" name="testAddExistingDatastream" time="0.003"/>
  <testcase classname="org.fcrepo.server.storage.lowlevel.akubra.AkubraLowlevelStorageTest" name="testAddExistingObject" time="0"/>
  <testcase classname="org.fcrepo.server.storage.lowlevel.akubra.AkubraLowlevelStorageTest" name="testAddNonExistingDatastream" time="0"/>
  <testcase classname="org.fcrepo.server.storage.lowlevel.akubra.AkubraLowlevelStorageTest" name="testAddNonExistingObject" time="0"/>
  <testcase classname="org.fcrepo.server.storage.lowlevel.akubra.AkubraLowlevelStorageTest" name="testAuditObject" time="0"/>
  <testcase classname="org.fcrepo.server.storage.lowlevel.akubra.AkubraLowlevelStorageTest" name="testRebuildDatastream" time="0"/>
  <testcase classname="org.fcrepo.server.storage.lowlevel.akubra.AkubraLowlevelStorageTest" name="testRebuildObject" time="0"/>
  <testcase classname="org.fcrepo.server.storage.lowlevel.akubra.AkubraLowlevelStorageTest" name="testRemoveExistingDatastream" time="0.001"/>
  <testcase classname="org.fcrepo.server.storage.lowlevel.akubra.AkubraLowlevelStorageTest" name="testRemoveExistingObject" time="0.006"/>
  <testcase classname="org.fcrepo.server.storage.lowlevel.akubra.AkubraLowlevelStorageTest" name="testRemoveNonExistingDatastream" time="0"/>
  <testcase classname="org.fcrepo.server.storage.lowlevel.akubra.AkubraLowlevelStorageTest" name="testRemoveNonExistingObject" time="0"/>
  <testcase classname="org.fcrepo.server.storage.lowlevel.akubra.AkubraLowlevelStorageTest" name="testReplaceExistingDatastream" time="0.021"/>
  <testcase classname="org.fcrepo.server.storage.lowlevel.akubra.AkubraLowlevelStorageTest" name="testReplaceExistingDatastreamSafely" time="0.004"/>
  <testcase classname="org.fcrepo.server.storage.lowlevel.akubra.AkubraLowlevelStorageTest" name="testReplaceExistingObject" time="0"/>
  <testcase classname="org.fcrepo.server.storage.lowlevel.akubra.AkubraLowlevelStorageTest" name="testReplaceExistingObjectSafely" time="0"/>
  <testcase classname="org.fcrepo.server.storage.lowlevel.akubra.AkubraLowlevelStorageTest" name="testReplaceNonExistingDatastream" time="0"/>
  <testcase classname="org.fcrepo.server.storage.lowlevel.akubra.AkubraLowlevelStorageTest" name="testReplaceNonExistingDatastreamSafely" time="0.001"/>
  <testcase classname="org.fcrepo.server.storage.lowlevel.akubra.AkubraLowlevelStorageTest" name="testReplaceNonExistingObject" time="0"/>
  <testcase classname="org.fcrepo.server.storage.lowlevel.akubra.AkubraLowlevelStorageTest" name="testReplaceNonExistingObjectSafely" time="0"/>
  <testcase classname="org.fcrepo.server.storage.lowlevel.akubra.AkubraLowlevelStorageTest" name="testRetrieveExistingDatastream" time="0"/>
  <testcase classname="org.fcrepo.server.storage.lowlevel.akubra.AkubraLowlevelStorageTest" name="testRetrieveExistingObject" time="0"/>
  <testcase classname="org.fcrepo.server.storage.lowlevel.akubra.AkubraLowlevelStorageTest" name="testRetrieveNonExistingDatastream" time="0"/>
  <testcase classname="org.fcrepo.server.storage.lowlevel.akubra.AkubraLowlevelStorageTest" name="testRetrieveNonExistingObject" time="0"/>
  <testcase classname="org.fcrepo.server.storage.lowlevel.akubra.AkubraLowlevelStorageTest" name="testListDatastreams" time="0.005"/>
  <testcase classname="org.fcrepo.server.storage.lowlevel.akubra.AkubraLowlevelStorageTest" name="testListObjects" time="0"/>
  <testcase classname="org.fcrepo.server.storage.lowlevel.akubra.AkubraLowlevelStorageTest" name="testGetDatastreamSize" time="0.001"/>
  <testcase classname="org.fcrepo.server.storage.lowlevel.akubra.AkubraLowlevelStorageTest" name="testAddDatastreamWithHints" time="0.006"/>
  <testcase classname="org.fcrepo.server.storage.lowlevel.akubra.AkubraLowlevelStorageTest" name="testReplaceDatastreamWithHints" time="0"/>
  <testcase classname="org.fcrepo.server.storage.lowlevel.akubra.AkubraLowlevelStorageTest" name="testAddObjectWithHints" time="0"/>
  <testcase classname="org.fcrepo.server.storage.lowlevel.akubra.AkubraLowlevelStorageTest" name="testReplaceObjectWithHints" time="0"/>
</testsuite>