<?xml version="1.0" encoding="UTF-8" ?>
<testsuite failures="0" time="0.049" errors="0" skipped="0" tests="31" name="org.fcrepo.server.storage.lowlevel.akubra.AkubraLowlevelStorageTest">
  <properties>
[...]
</properties>
  <testcase time="0.016" classname="org.fcrepo.server.storage.lowlevel.akubra.AkubraLowlevelStorageTest" name="testAuditDatastream"/>
  <testcase time="0.006" classname="org.fcrepo.server.storage.lowlevel.akubra.AkubraLowlevelStorageTest" name="testAddExistingDatastream"/>
  <testcase time="0.001" classname="org.fcrepo.server.storage.lowlevel.akubra.AkubraLowlevelStorageTest" name="testAddExistingObject"/>
  <testcase time="0" classname="org.fcrepo.server.storage.lowlevel.akubra.AkubraLowlevelStorageTest" name="testAddNonExistingDatastream"/>
  <testcase time="0" classname="org.fcrepo.server.storage.lowlevel.akubra.AkubraLowlevelStorageTest" name="testAddNonExistingObject"/>
  <testcase time="0.004" classname="org.fcrepo.server.storage.lowlevel.akubra.AkubraLowlevelStorageTest" name="testAuditObject"/>
  <testcase time="0" classname="org.fcrepo.server.storage.lowlevel.akubra.AkubraLowlevelStorageTest" name="testRebuildDatastream"/>
  <testcase time="0" classname="org.fcrepo.server.storage.lowlevel.akubra.AkubraLowlevelStorageTest" name="testRebuildObject"/>
  <testcase time="0" classname="org.fcrepo.server.storage.lowlevel.akubra.AkubraLowlevelStorageTest" name="testRemoveExistingDatastream"/>
  <testcase time="0" classname="org.fcrepo.server.storage.lowlevel.akubra.AkubraLowlevelStorageTest" name="testRemoveExistingObject"/>
  <testcase time="0" classname="org.fcrepo.server.storage.lowlevel.akubra.AkubraLowlevelStorageTest" name="testRemoveNonExistingDatastream"/>
  <testcase time="0" classname="org.fcrepo.server.storage.lowlevel.akubra.AkubraLowlevelStorageTest" name="testRemoveNonExistingObject"/>
  <testcase time="0.012" classname="org.fcrepo.server.storage.lowlevel.akubra.AkubraLowlevelStorageTest" name="testReplaceExistingDatastream"/>
  <testcase time="0.001" classname="org.fcrepo.server.storage.lowlevel.akubra.AkubraLowlevelStorageTest" name="testReplaceExistingDatastreamSafely"/>
  <testcase time="0" classname="org.fcrepo.server.storage.lowlevel.akubra.AkubraLowlevelStorageTest" name="testReplaceExistingObject"/>
  <testcase time="0" classname="org.fcrepo.server.storage.lowlevel.akubra.AkubraLowlevelStorageTest" name="testReplaceExistingObjectSafely"/>
  <testcase time="0.001" classname="org.fcrepo.server.storage.lowlevel.akubra.AkubraLowlevelStorageTest" name="testReplaceNonExistingDatastream"/>
  <testcase time="0.003" classname="org.fcrepo.server.storage.lowlevel.akubra.AkubraLowlevelStorageTest" name="testReplaceNonExistingDatastreamSafely"/>
  <testcase time="0" classname="org.fcrepo.server.storage.lowlevel.akubra.AkubraLowlevelStorageTest" name="testReplaceNonExistingObject"/>
  <testcase time="0" classname="org.fcrepo.server.storage.lowlevel.akubra.AkubraLowlevelStorageTest" name="testReplaceNonExistingObjectSafely"/>
  <testcase time="0.001" classname="org.fcrepo.server.storage.lowlevel.akubra.AkubraLowlevelStorageTest" name="testRetrieveExistingDatastream"/>
  <testcase time="0" classname="org.fcrepo.server.storage.lowlevel.akubra.AkubraLowlevelStorageTest" name="testRetrieveExistingObject"/>
  <testcase time="0.001" classname="org.fcrepo.server.storage.lowlevel.akubra.AkubraLowlevelStorageTest" name="testRetrieveNonExistingDatastream"/>
  <testcase time="0" classname="org.fcrepo.server.storage.lowlevel.akubra.AkubraLowlevelStorageTest" name="testRetrieveNonExistingObject"/>
  <testcase time="0.001" classname="org.fcrepo.server.storage.lowlevel.akubra.AkubraLowlevelStorageTest" name="testListDatastreams"/>
  <testcase time="0" classname="org.fcrepo.server.storage.lowlevel.akubra.AkubraLowlevelStorageTest" name="testListObjects"/>
  <testcase time="0.001" classname="org.fcrepo.server.storage.lowlevel.akubra.AkubraLowlevelStorageTest" name="testGetDatastreamSize"/>
  <testcase time="0" classname="org.fcrepo.server.storage.lowlevel.akubra.AkubraLowlevelStorageTest" name="testAddDatastreamWithHints"/>
  <testcase time="0.001" classname="org.fcrepo.server.storage.lowlevel.akubra.AkubraLowlevelStorageTest" name="testReplaceDatastreamWithHints"/>
  <testcase time="0" classname="org.fcrepo.server.storage.lowlevel.akubra.AkubraLowlevelStorageTest" name="testAddObjectWithHints"/>
  <testcase time="0" classname="org.fcrepo.server.storage.lowlevel.akubra.AkubraLowlevelStorageTest" name="testReplaceObjectWithHints"/>
</testsuite>