<?xml version="1.0" encoding="UTF-8" ?>
<testsuite tests="21" failures="0" name="org.fcrepo.server.journal.TestJournalRoundTrip" time="10.607" errors="0" skipped="0">
  <properties>
[...]
</properties>
  <testcase classname="org.fcrepo.server.journal.TestJournalRoundTrip" name="getRelationships" time="0.504"/>
  <testcase classname="org.fcrepo.server.journal.TestJournalRoundTrip" name="ingest" time="0.509"/>
  <testcase classname="org.fcrepo.server.journal.TestJournalRoundTrip" name="modifyObject" time="0.512"/>
  <testcase classname="org.fcrepo.server.journal.TestJournalRoundTrip" name="purgeObject" time="0.505"/>
  <testcase classname="org.fcrepo.server.journal.TestJournalRoundTrip" name="addDatastream" time="0.507"/>
  <testcase classname="org.fcrepo.server.journal.TestJournalRoundTrip" name="modifyDatastreamByReference" time="0.508"/>
  <testcase classname="org.fcrepo.server.journal.TestJournalRoundTrip" name="modifyDatastreamByValue" time="0.505"/>
  <testcase classname="org.fcrepo.server.journal.TestJournalRoundTrip" name="setDatastreamState" time="0.506"/>
  <testcase classname="org.fcrepo.server.journal.TestJournalRoundTrip" name="setDatastreamVersionable" time="0.504"/>
  <testcase classname="org.fcrepo.server.journal.TestJournalRoundTrip" name="purgeDatastream" time="0.507"/>
  <testcase classname="org.fcrepo.server.journal.TestJournalRoundTrip" name="putTempStream" time="0.505"/>
  <testcase classname="org.fcrepo.server.journal.TestJournalRoundTrip" name="getNextPID" time="0.504"/>
  <testcase classname="org.fcrepo.server.journal.TestJournalRoundTrip" name="addRelationship" time="0.505"/>
  <testcase classname="org.fcrepo.server.journal.TestJournalRoundTrip" name="purgeRelationship" time="0.507"/>
  <testcase classname="org.fcrepo.server.journal.TestJournalRoundTrip" name="getDatastream" time="0.501"/>
  <testcase classname="org.fcrepo.server.journal.TestJournalRoundTrip" name="getDatastreams" time="0.505"/>
  <testcase classname="org.fcrepo.server.journal.TestJournalRoundTrip" name="getTempStream" time="0.502"/>
  <testcase classname="org.fcrepo.server.journal.TestJournalRoundTrip" name="compareDatastreamChecksum" time="0.503"/>
  <testcase classname="org.fcrepo.server.journal.TestJournalRoundTrip" name="getObjectXML" time="0.502"/>
  <testcase classname="org.fcrepo.server.journal.TestJournalRoundTrip" name="export" time="0.504"/>
  <testcase classname="org.fcrepo.server.journal.TestJournalRoundTrip" name="getDatastreamHistory" time="0.502"/>
</testsuite>